<?xml version="1.0" encoding="utf-8"?><testsuites name="pytest tests"><testsuite name="pytest" errors="0" failures="0" skipped="1" tests="16" time="6.041" timestamp="2026-08-30T16:11:41.341696+00:00" hostname="agent-env-aa796caf-5ae6-4924-90e7-92a89f4b5fba"><testcase classname="tests.backend_test.TestAdminAuth" name="test_verify_without_header_401" time="0.333" /><testcase classname="tests.backend_test.TestInquiries" name="test_create_inquiry_and_verify_persistence" time="0.611" /><testcase classname="tests.backend_test.TestAdminAuth" name="test_verify_wrong_password_401" time="0.084" /><testcase classname="tests.backend_test.TestAdminAuth" name="test_verify_correct_password_ok" time="0.085" /><testcase classname="tests.backend_test.TestAdminAuth" name="test_list_inquiries_requires_header" time="0.085" /><testcase classname="tests.backend_test.TestAdminAuth" name="test_list_inquiries_wrong_password" time="0.073" /><testcase classname="tests.backend_test.TestInquiries" name="test_list_sorted_newest_first" time="2.816" /><testcase classname="tests.backend_test.TestHealth" name="test_root" time="0.069" /><testcase classname="tests.backend_test.TestStatus" name="test_create_and_list_status" time="0.221" /><testcase classname="tests.backend_test.TestInquiries" name="test_create_inquiry_optional_fields_defaults" time="0.381" /><testcase classname="tests.backend_test.TestInquiries" name="test_create_inquiry_validation[bad0]" time="0.070" /><testcase classname="tests.backend_test.TestInquiries" name="test_create_inquiry_validation[bad1]" time="0.073" /><testcase classname="tests.backend_test.TestInquiries" name="test_create_inquiry_validation[bad2]" time="0.062" /><testcase classname="tests.backend_test.TestInquiries" name="test_create_inquiry_validation[bad3]" time="0.074" /><testcase classname="tests.backend_test.TestInquiries" name="test_email_field_not_validated_as_email" time="0.425"><skipped type="pytest.xfail" message="email accepts arbitrary strings — no EmailStr validation" /></testcase><testcase classname="tests.backend_test.TestInquiries" name="test_owner_email_not_leaked" time="0.176" /></testsuite></testsuites>